[2024-11-30 14:33:17Z INFO HostContext] No proxy settings were found based on environmental variables (http_proxy/https_proxy/HTTP_PROXY/HTTPS_PROXY)
[2024-11-30 14:33:17Z INFO HostContext] Well known directory 'Bin': 'C:\Users\HAB SOLUTIONS\user-management\actions-runner\bin'
[2024-11-30 14:33:17Z INFO HostContext] Well known directory 'Root': 'C:\Users\HAB SOLUTIONS\user-management\actions-runner'
[2024-11-30 14:33:17Z INFO HostContext] Well known config file 'Credentials': 'C:\Users\HAB SOLUTIONS\user-management\actions-runner\.credentials'
[2024-11-30 14:33:17Z INFO HostContext] Well known directory 'Bin': 'C:\Users\HAB SOLUTIONS\user-management\actions-runner\bin'
[2024-11-30 14:33:17Z INFO HostContext] Well known directory 'Root': 'C:\Users\HAB SOLUTIONS\user-management\actions-runner'
[2024-11-30 14:33:17Z INFO HostContext] Well known config file 'Runner': 'C:\Users\HAB SOLUTIONS\user-management\actions-runner\.runner'
[2024-11-30 14:33:17Z INFO Listener] Runner is built for Windows (X64) - win-x64.
[2024-11-30 14:33:17Z INFO Listener] RuntimeInformation: Microsoft Windows 10.0.19045.
[2024-11-30 14:33:17Z INFO Listener] Version: 2.321.0
[2024-11-30 14:33:17Z INFO Listener] Commit: e249007931b7c8e857797fa259c167f0bd4f997a
[2024-11-30 14:33:17Z INFO Listener] Culture: fr-FR
[2024-11-30 14:33:17Z INFO Listener] UI Culture: fr-FR
[2024-11-30 14:33:17Z INFO HostContext] Well known directory 'Bin': 'C:\Users\HAB SOLUTIONS\user-management\actions-runner\bin'
[2024-11-30 14:33:17Z INFO HostContext] Well known directory 'Root': 'C:\Users\HAB SOLUTIONS\user-management\actions-runner'
[2024-11-30 14:33:17Z INFO Listener] Validating directory permissions for: 'C:\Users\HAB SOLUTIONS\user-management\actions-runner'
[2024-11-30 14:33:17Z INFO CommandLineParser] Parse
[2024-11-30 14:33:17Z INFO CommandLineParser] Parsing 1 args
[2024-11-30 14:33:17Z INFO CommandLineParser] parsing argument
[2024-11-30 14:33:17Z INFO CommandLineParser] HasArgs: False
[2024-11-30 14:33:17Z INFO CommandLineParser] Adding Command: run
[2024-11-30 14:33:17Z INFO Listener] Arguments parsed
[2024-11-30 14:33:17Z INFO Runner] ExecuteCommand
[2024-11-30 14:33:17Z INFO ConfigurationStore] currentAssemblyLocation: C:\Users\HAB SOLUTIONS\user-management\actions-runner\bin\Runner.Listener.dll
[2024-11-30 14:33:17Z INFO HostContext] Well known directory 'Bin': 'C:\Users\HAB SOLUTIONS\user-management\actions-runner\bin'
[2024-11-30 14:33:17Z INFO ConfigurationStore] binPath: C:\Users\HAB SOLUTIONS\user-management\actions-runner\bin
[2024-11-30 14:33:17Z INFO HostContext] Well known directory 'Bin': 'C:\Users\HAB SOLUTIONS\user-management\actions-runner\bin'
[2024-11-30 14:33:17Z INFO HostContext] Well known directory 'Root': 'C:\Users\HAB SOLUTIONS\user-management\actions-runner'
[2024-11-30 14:33:17Z INFO ConfigurationStore] RootFolder: C:\Users\HAB SOLUTIONS\user-management\actions-runner
[2024-11-30 14:33:17Z INFO HostContext] Well known directory 'Bin': 'C:\Users\HAB SOLUTIONS\user-management\actions-runner\bin'
[2024-11-30 14:33:17Z INFO HostContext] Well known directory 'Root': 'C:\Users\HAB SOLUTIONS\user-management\actions-runner'
[2024-11-30 14:33:17Z INFO HostContext] Well known config file 'Runner': 'C:\Users\HAB SOLUTIONS\user-management\actions-runner\.runner'
[2024-11-30 14:33:17Z INFO ConfigurationStore] ConfigFilePath: C:\Users\HAB SOLUTIONS\user-management\actions-runner\.runner
[2024-11-30 14:33:17Z INFO HostContext] Well known directory 'Bin': 'C:\Users\HAB SOLUTIONS\user-management\actions-runner\bin'
[2024-11-30 14:33:17Z INFO HostContext] Well known directory 'Root': 'C:\Users\HAB SOLUTIONS\user-management\actions-runner'
[2024-11-30 14:33:17Z INFO HostContext] Well known config file 'Credentials': 'C:\Users\HAB SOLUTIONS\user-management\actions-runner\.credentials'
[2024-11-30 14:33:17Z INFO ConfigurationStore] CredFilePath: C:\Users\HAB SOLUTIONS\user-management\actions-runner\.credentials
[2024-11-30 14:33:17Z INFO HostContext] Well known directory 'Bin': 'C:\Users\HAB SOLUTIONS\user-management\actions-runner\bin'
[2024-11-30 14:33:17Z INFO HostContext] Well known directory 'Root': 'C:\Users\HAB SOLUTIONS\user-management\actions-runner'
[2024-11-30 14:33:17Z INFO HostContext] Well known config file 'MigratedCredentials': 'C:\Users\HAB SOLUTIONS\user-management\actions-runner\.credentials_migrated'
[2024-11-30 14:33:17Z INFO ConfigurationStore] MigratedCredFilePath: C:\Users\HAB SOLUTIONS\user-management\actions-runner\.credentials_migrated
[2024-11-30 14:33:17Z INFO HostContext] Well known directory 'Bin': 'C:\Users\HAB SOLUTIONS\user-management\actions-runner\bin'
[2024-11-30 14:33:17Z INFO HostContext] Well known directory 'Root': 'C:\Users\HAB SOLUTIONS\user-management\actions-runner'
[2024-11-30 14:33:17Z INFO HostContext] Well known config file 'Service': 'C:\Users\HAB SOLUTIONS\user-management\actions-runner\.service'
[2024-11-30 14:33:17Z INFO ConfigurationStore] ServiceConfigFilePath: C:\Users\HAB SOLUTIONS\user-management\actions-runner\.service
[2024-11-30 14:33:17Z INFO CommandSettings] Flag 'help': 'False'
[2024-11-30 14:33:17Z INFO CommandSettings] Flag 'version': 'False'
[2024-11-30 14:33:17Z INFO CommandSettings] Flag 'commit': 'False'
[2024-11-30 14:33:17Z INFO CommandSettings] Flag 'check': 'False'
[2024-11-30 14:33:17Z INFO CommandSettings] Command 'configure': 'False'
[2024-11-30 14:33:17Z INFO CommandSettings] Command 'remove': 'False'
[2024-11-30 14:33:17Z INFO CommandSettings] Command 'warmup': 'False'
[2024-11-30 14:33:17Z INFO ConfigurationManager] LoadSettings
[2024-11-30 14:33:17Z INFO ConfigurationStore] IsConfigured()
[2024-11-30 14:33:17Z INFO ConfigurationStore] IsConfigured: True
[2024-11-30 14:33:17Z INFO ConfigurationManager] Is configured: True
[2024-11-30 14:33:17Z INFO ConfigurationStore] Read setting file: 314 chars
[2024-11-30 14:33:17Z INFO ConfigurationManager] Settings Loaded
[2024-11-30 14:33:17Z INFO ConfigurationStore] IsServiceConfigured()
[2024-11-30 14:33:17Z INFO ConfigurationStore] IsServiceConfigured: False
[2024-11-30 14:33:17Z INFO CommandSettings] Command 'run': 'True'
[2024-11-30 14:33:17Z INFO ConfigurationStore] IsConfigured()
[2024-11-30 14:33:17Z INFO ConfigurationStore] IsConfigured: True
[2024-11-30 14:33:17Z INFO ConfigurationManager] Is configured: True
[2024-11-30 14:33:17Z INFO Runner] Could not parse the argument value '' for StartupType. Defaulting to Manual
[2024-11-30 14:33:17Z INFO Runner] Set runner startup type - Manual
[2024-11-30 14:33:17Z INFO CommandSettings] Flag 'once': 'False'
[2024-11-30 14:33:17Z INFO CommandSettings] Flag 'once': 'False'
[2024-11-30 14:33:17Z INFO Runner] RunAsync
[2024-11-30 14:33:17Z INFO ConfigurationManager] LoadSettings
[2024-11-30 14:33:17Z INFO ConfigurationStore] IsConfigured()
[2024-11-30 14:33:17Z INFO ConfigurationStore] IsConfigured: True
[2024-11-30 14:33:17Z INFO ConfigurationManager] Is configured: True
[2024-11-30 14:33:17Z INFO ConfigurationManager] Settings Loaded
[2024-11-30 14:33:17Z INFO MessageListener] {
  "AgentId": 2,
  "AgentName": "DESKTOP-QVD2JSH",
  "PoolId": 1,
  "PoolName": "Default",
  "ServerUrl": "https://pipelinesghubeus26.actions.githubusercontent.com/cZ35ICeKz9FFMxcOlQOTNkldEgY7MJDXEnqoCGvIi9bPb5FnJA/",
  "GitHubUrl": "https://github.com/esomin20/user-management",
  "WorkFolder": "_work"
}
[2024-11-30 14:33:17Z INFO MessageListener] Loading Credentials
[2024-11-30 14:33:17Z INFO ConfigurationStore] HasCredentials()
[2024-11-30 14:33:17Z INFO ConfigurationStore] stored True
[2024-11-30 14:33:17Z INFO CredentialManager] GetCredentialProvider
[2024-11-30 14:33:17Z INFO CredentialManager] Creating type OAuth
[2024-11-30 14:33:17Z INFO CredentialManager] Creating credential type: OAuth
[2024-11-30 14:33:17Z INFO HostContext] Well known directory 'Bin': 'C:\Users\HAB SOLUTIONS\user-management\actions-runner\bin'
[2024-11-30 14:33:17Z INFO HostContext] Well known directory 'Root': 'C:\Users\HAB SOLUTIONS\user-management\actions-runner'
[2024-11-30 14:33:17Z INFO HostContext] Well known config file 'RSACredentials': 'C:\Users\HAB SOLUTIONS\user-management\actions-runner\.credentials_rsaparams'
[2024-11-30 14:33:17Z INFO RSAEncryptedFileKeyManager] Loading RSA key parameters from file C:\Users\HAB SOLUTIONS\user-management\actions-runner\.credentials_rsaparams
[2024-11-30 14:33:17Z INFO MessageListener] Attempt to create session.
[2024-11-30 14:33:17Z INFO MessageListener] Connecting to the Runner Server...
[2024-11-30 14:33:17Z INFO RunnerServer] EstablishVssConnection
[2024-11-30 14:33:17Z INFO RunnerServer] Establish connection with 100 seconds timeout.
[2024-11-30 14:33:17Z INFO GitHubActionsService] Starting operation Location.GetConnectionData
[2024-11-30 14:33:18Z INFO RunnerServer] EstablishVssConnection
[2024-11-30 14:33:18Z INFO RunnerServer] Establish connection with 60 seconds timeout.
[2024-11-30 14:33:18Z INFO GitHubActionsService] Starting operation Location.GetConnectionData
[2024-11-30 14:33:18Z INFO RunnerServer] EstablishVssConnection
[2024-11-30 14:33:18Z INFO RunnerServer] Establish connection with 60 seconds timeout.
[2024-11-30 14:33:18Z INFO GitHubActionsService] Starting operation Location.GetConnectionData
[2024-11-30 14:33:18Z INFO GitHubActionsService] Finished operation Location.GetConnectionData
[2024-11-30 14:33:18Z INFO GitHubActionsService] Finished operation Location.GetConnectionData
[2024-11-30 14:33:18Z INFO GitHubActionsService] Finished operation Location.GetConnectionData
[2024-11-30 14:33:19Z INFO MessageListener] VssConnection created
[2024-11-30 14:33:19Z INFO Terminal] WRITE LINE: 
[2024-11-30 14:33:19Z INFO Terminal] WRITE LINE: 
[2024-11-30 14:33:19Z INFO RSAEncryptedFileKeyManager] Loading RSA key parameters from file C:\Users\HAB SOLUTIONS\user-management\actions-runner\.credentials_rsaparams
[2024-11-30 14:33:19Z INFO RSAEncryptedFileKeyManager] Loading RSA key parameters from file C:\Users\HAB SOLUTIONS\user-management\actions-runner\.credentials_rsaparams
[2024-11-30 14:33:20Z INFO GitHubActionsService] AAD Correlation ID for this token request: Unknown
[2024-11-30 14:33:20Z INFO MessageListener] Session created.
[2024-11-30 14:33:20Z INFO Terminal] WRITE LINE: Current runner version: '2.321.0'
[2024-11-30 14:33:20Z INFO Terminal] WRITE LINE: 2024-11-30 14:33:20Z: Listening for Jobs
[2024-11-30 14:33:20Z INFO JobDispatcher] Set runner/worker IPC timeout to 30 seconds.
[2024-11-30 14:33:20Z INFO RSAEncryptedFileKeyManager] Loading RSA key parameters from file C:\Users\HAB SOLUTIONS\user-management\actions-runner\.credentials_rsaparams
[2024-11-30 14:33:21Z INFO GitHubActionsService] AAD Correlation ID for this token request: Unknown
[2024-11-30 15:50:36Z INFO Terminal] WRITE LINE: Exiting...
[2024-11-30 15:50:36Z INFO ConfigurationStore] IsServiceConfigured()
[2024-11-30 15:50:36Z INFO ConfigurationStore] IsServiceConfigured: False
[2024-11-30 15:50:36Z INFO HostContext] Runner will be shutdown for UserCancelled
[2024-11-30 15:50:36Z WARN GitHubActionsService] GET request to https://broker.actions.githubusercontent.com/message?sessionId=203bcfc5-4a1b-4f5a-9023-e5edb0ecc29e&status=Online&runnerVersion=2.321.0&os=Windows&architecture=X64&disableUpdate=false has been cancelled.
[2024-11-30 15:50:36Z ERR  BrokerServer] Catch exception during request
[2024-11-30 15:50:36Z ERR  BrokerServer] System.Threading.Tasks.TaskCanceledException: The operation was canceled.
 ---> System.Threading.Tasks.TaskCanceledException: The operation was canceled.
 ---> System.IO.IOException: Unable to read data from the transport connection: L’opération d’entrée/sortie a été abandonnée en raison de l’arrêt d’un thread ou à la demande d’une application..
 ---> System.Net.Sockets.SocketException (995): L’opération d’entrée/sortie a été abandonnée en raison de l’arrêt d’un thread ou à la demande d’une application.
   --- End of inner exception stack trace ---
   at System.Net.Sockets.Socket.AwaitableSocketAsyncEventArgs.ThrowException(SocketError error, CancellationToken cancellationToken)
   at System.Net.Sockets.Socket.AwaitableSocketAsyncEventArgs.System.Threading.Tasks.Sources.IValueTaskSource<System.Int32>.GetResult(Int16 token)
   at System.Net.Security.SslStream.EnsureFullTlsFrameAsync[TIOAdapter](CancellationToken cancellationToken, Int32 estimatedSize)
   at System.Runtime.CompilerServices.PoolingAsyncValueTaskMethodBuilder`1.StateMachineBox`1.System.Threading.Tasks.Sources.IValueTaskSource<TResult>.GetResult(Int16 token)
   at System.Net.Security.SslStream.ReadAsyncInternal[TIOAdapter](Memory`1 buffer, CancellationToken cancellationToken)
   at System.Runtime.CompilerServices.PoolingAsyncValueTaskMethodBuilder`1.StateMachineBox`1.System.Threading.Tasks.Sources.IValueTaskSource<TResult>.GetResult(Int16 token)
   at System.Net.Http.HttpConnection.SendAsync(HttpRequestMessage request, Boolean async, CancellationToken cancellationToken)
   --- End of inner exception stack trace ---
   at System.Net.Http.HttpConnection.SendAsync(HttpRequestMessage request, Boolean async, CancellationToken cancellationToken)
   at System.Net.Http.AuthenticationHelper.SendWithNtAuthAsync(HttpRequestMessage request, Uri authUri, Boolean async, ICredentials credentials, Boolean isProxyAuth, HttpConnection connection, HttpConnectionPool connectionPool, CancellationToken cancellationToken)
   at System.Net.Http.HttpConnectionPool.SendWithVersionDetectionAndRetryAsync(HttpRequestMessage request, Boolean async, Boolean doRequestAuth, CancellationToken cancellationToken)
   at System.Net.Http.AuthenticationHelper.SendWithAuthAsync(HttpRequestMessage request, Uri authUri, Boolean async, ICredentials credentials, Boolean preAuthenticate, Boolean isProxyAuth, Boolean doRequestAuth, HttpConnectionPool pool, CancellationToken cancellationToken)
   at System.Net.Http.RedirectHandler.SendAsync(HttpRequestMessage request, Boolean async, CancellationToken cancellationToken)
   at GitHub.Services.Common.RawHttpMessageHandler.SendAsync(HttpRequestMessage request, CancellationToken cancellationToken)
   at GitHub.Services.Common.VssHttpRetryMessageHandler.SendAsync(HttpRequestMessage request, CancellationToken cancellationToken)
   at System.Net.Http.HttpClient.<SendAsync>g__Core|83_0(HttpRequestMessage request, HttpCompletionOption completionOption, CancellationTokenSource cts, Boolean disposeCts, CancellationTokenSource pendingRequestsCts, CancellationToken originalCancellationToken)
   --- End of inner exception stack trace ---
   at System.Net.Http.HttpClient.HandleFailure(Exception e, Boolean telemetryStarted, HttpResponseMessage response, CancellationTokenSource cts, CancellationToken cancellationToken, CancellationTokenSource pendingRequestsCts)
   at System.Net.Http.HttpClient.<SendAsync>g__Core|83_0(HttpRequestMessage request, HttpCompletionOption completionOption, CancellationTokenSource cts, Boolean disposeCts, CancellationTokenSource pendingRequestsCts, CancellationToken originalCancellationToken)
   at Sdk.WebApi.WebApi.RawHttpClientBase.SendAsync(HttpRequestMessage message, HttpCompletionOption completionOption, Object userState, CancellationToken cancellationToken)
   at Sdk.WebApi.WebApi.RawHttpClientBase.SendAsync[T](HttpRequestMessage message, Boolean readErrorBody, Object userState, CancellationToken cancellationToken)
   at Sdk.WebApi.WebApi.RawHttpClientBase.SendAsync[T](HttpMethod method, IEnumerable`1 additionalHeaders, Uri requestUri, HttpContent content, IEnumerable`1 queryParameters, Boolean readErrorBody, Object userState, CancellationToken cancellationToken)
   at GitHub.Actions.RunService.WebApi.BrokerHttpClient.GetRunnerMessageAsync(Nullable`1 sessionId, String runnerVersion, Nullable`1 status, String os, String architecture, Nullable`1 disableUpdate, CancellationToken cancellationToken)
   at GitHub.Runner.Common.BrokerServer.<>c__DisplayClass7_0.<<GetRunnerMessageAsync>b__0>d.MoveNext()
--- End of stack trace from previous location ---
   at GitHub.Runner.Common.RunnerService.RetryRequest[T](Func`1 func, CancellationToken cancellationToken, Int32 maxRetryAttemptsCount, Func`2 shouldRetry)
[2024-11-30 15:50:36Z ERR  BrokerServer] #####################################################
[2024-11-30 15:50:36Z ERR  BrokerServer] System.Threading.Tasks.TaskCanceledException: The operation was canceled.
 ---> System.IO.IOException: Unable to read data from the transport connection: L’opération d’entrée/sortie a été abandonnée en raison de l’arrêt d’un thread ou à la demande d’une application..
 ---> System.Net.Sockets.SocketException (995): L’opération d’entrée/sortie a été abandonnée en raison de l’arrêt d’un thread ou à la demande d’une application.
   --- End of inner exception stack trace ---
   at System.Net.Sockets.Socket.AwaitableSocketAsyncEventArgs.ThrowException(SocketError error, CancellationToken cancellationToken)
   at System.Net.Sockets.Socket.AwaitableSocketAsyncEventArgs.System.Threading.Tasks.Sources.IValueTaskSource<System.Int32>.GetResult(Int16 token)
   at System.Net.Security.SslStream.EnsureFullTlsFrameAsync[TIOAdapter](CancellationToken cancellationToken, Int32 estimatedSize)
   at System.Runtime.CompilerServices.PoolingAsyncValueTaskMethodBuilder`1.StateMachineBox`1.System.Threading.Tasks.Sources.IValueTaskSource<TResult>.GetResult(Int16 token)
   at System.Net.Security.SslStream.ReadAsyncInternal[TIOAdapter](Memory`1 buffer, CancellationToken cancellationToken)
   at System.Runtime.CompilerServices.PoolingAsyncValueTaskMethodBuilder`1.StateMachineBox`1.System.Threading.Tasks.Sources.IValueTaskSource<TResult>.GetResult(Int16 token)
   at System.Net.Http.HttpConnection.SendAsync(HttpRequestMessage request, Boolean async, CancellationToken cancellationToken)
   --- End of inner exception stack trace ---
   at System.Net.Http.HttpConnection.SendAsync(HttpRequestMessage request, Boolean async, CancellationToken cancellationToken)
   at System.Net.Http.AuthenticationHelper.SendWithNtAuthAsync(HttpRequestMessage request, Uri authUri, Boolean async, ICredentials credentials, Boolean isProxyAuth, HttpConnection connection, HttpConnectionPool connectionPool, CancellationToken cancellationToken)
   at System.Net.Http.HttpConnectionPool.SendWithVersionDetectionAndRetryAsync(HttpRequestMessage request, Boolean async, Boolean doRequestAuth, CancellationToken cancellationToken)
   at System.Net.Http.AuthenticationHelper.SendWithAuthAsync(HttpRequestMessage request, Uri authUri, Boolean async, ICredentials credentials, Boolean preAuthenticate, Boolean isProxyAuth, Boolean doRequestAuth, HttpConnectionPool pool, CancellationToken cancellationToken)
   at System.Net.Http.RedirectHandler.SendAsync(HttpRequestMessage request, Boolean async, CancellationToken cancellationToken)
   at GitHub.Services.Common.RawHttpMessageHandler.SendAsync(HttpRequestMessage request, CancellationToken cancellationToken)
   at GitHub.Services.Common.VssHttpRetryMessageHandler.SendAsync(HttpRequestMessage request, CancellationToken cancellationToken)
   at System.Net.Http.HttpClient.<SendAsync>g__Core|83_0(HttpRequestMessage request, HttpCompletionOption completionOption, CancellationTokenSource cts, Boolean disposeCts, CancellationTokenSource pendingRequestsCts, CancellationToken originalCancellationToken)
[2024-11-30 15:50:36Z ERR  BrokerServer] #####################################################
[2024-11-30 15:50:36Z ERR  BrokerServer] System.IO.IOException: Unable to read data from the transport connection: L’opération d’entrée/sortie a été abandonnée en raison de l’arrêt d’un thread ou à la demande d’une application..
 ---> System.Net.Sockets.SocketException (995): L’opération d’entrée/sortie a été abandonnée en raison de l’arrêt d’un thread ou à la demande d’une application.
   --- End of inner exception stack trace ---
   at System.Net.Sockets.Socket.AwaitableSocketAsyncEventArgs.ThrowException(SocketError error, CancellationToken cancellationToken)
   at System.Net.Sockets.Socket.AwaitableSocketAsyncEventArgs.System.Threading.Tasks.Sources.IValueTaskSource<System.Int32>.GetResult(Int16 token)
   at System.Net.Security.SslStream.EnsureFullTlsFrameAsync[TIOAdapter](CancellationToken cancellationToken, Int32 estimatedSize)
   at System.Runtime.CompilerServices.PoolingAsyncValueTaskMethodBuilder`1.StateMachineBox`1.System.Threading.Tasks.Sources.IValueTaskSource<TResult>.GetResult(Int16 token)
   at System.Net.Security.SslStream.ReadAsyncInternal[TIOAdapter](Memory`1 buffer, CancellationToken cancellationToken)
   at System.Runtime.CompilerServices.PoolingAsyncValueTaskMethodBuilder`1.StateMachineBox`1.System.Threading.Tasks.Sources.IValueTaskSource<TResult>.GetResult(Int16 token)
   at System.Net.Http.HttpConnection.SendAsync(HttpRequestMessage request, Boolean async, CancellationToken cancellationToken)
[2024-11-30 15:50:36Z ERR  BrokerServer] #####################################################
[2024-11-30 15:50:36Z ERR  BrokerServer] System.Net.Sockets.SocketException (995): L’opération d’entrée/sortie a été abandonnée en raison de l’arrêt d’un thread ou à la demande d’une application.
[2024-11-30 15:50:36Z WARN BrokerServer] Back off 7,841 seconds before next retry. 4 attempt left.
[2024-11-30 15:50:36Z INFO MessageListener] Get next message has been cancelled.
[2024-11-30 15:50:36Z INFO JobDispatcher] Shutting down JobDispatcher. Make sure all WorkerDispatcher has finished.
[2024-11-30 15:50:36Z INFO Runner] Deleting Runner Session...
[2024-11-30 15:50:37Z INFO RSAEncryptedFileKeyManager] Loading RSA key parameters from file C:\Users\HAB SOLUTIONS\user-management\actions-runner\.credentials_rsaparams
[2024-11-30 15:50:38Z INFO GitHubActionsService] AAD Correlation ID for this token request: Unknown
[2024-11-30 15:50:38Z INFO Listener] Runner execution been cancelled.
